<?xml version="1.0" encoding="UTF-8"?>
<!-- Generated by org.testng.reporters.JUnitXMLReporter -->
<testsuite ignored="0" hostname="Gauravs-Air.hub" failures="0" tests="10" name="Surefire test" time="21.161" errors="0" timestamp="2024-06-29T12:44:10 NZST">
  <testcase classname="api.tests.UserTests" name="TestPostUser" time="4.354"/>
  <testcase classname="api.tests.UserTests" name="TestgetUser" time="1.43"/>
  <testcase classname="api.tests.UserTests" name="TestupdateUser" time="3.066"/>
  <testcase classname="api.tests.UserTests" name="TestdeleteeUser" time="1.187"/>
  <testcase classname="api.tests.DDTests" name="testPostuser" time="1.479"/>
  <testcase classname="api.tests.DDTests" name="testPostuser" time="1.431"/>
  <testcase classname="api.tests.DDTests" name="testPostuser" time="1.329"/>
  <testcase classname="api.tests.DDTests" name="testDeletebyuserName" time="1.38"/>
  <testcase classname="api.tests.DDTests" name="testDeletebyuserName" time="1.412"/>
  <testcase classname="api.tests.DDTests" name="testDeletebyuserName" time="1.331"/>
</testsuite> <!-- Surefire test -->
