<?xml version="1.0" encoding="UTF-8"?>
<testng-results ignored="0" total="10" passed="10" failed="0" skipped="0">
  <reporter-output>
  </reporter-output>
  <suite started-at="2024-06-29T12:43:49 NZST" name="Surefire suite" finished-at="2024-06-29T12:44:10 NZST" duration-ms="21161">
    <groups>
    </groups>
    <test started-at="2024-06-29T12:43:49 NZST" name="Surefire test" finished-at="2024-06-29T12:44:10 NZST" duration-ms="21161">
      <class name="api.tests.UserTests">
        <test-method is-config="true" signature="beforetest()[pri:0, instance:api.tests.UserTests@475e586c]" started-at="2024-06-29T12:43:49 NZST" name="beforetest" finished-at="2024-06-29T12:43:50 NZST" duration-ms="1207" status="PASS">
          <reporter-output>
          </reporter-output>
        </test-method> <!-- beforetest -->
        <test-method signature="TestPostUser()[pri:1, instance:api.tests.UserTests@475e586c]" started-at="2024-06-29T12:43:50 NZST" name="TestPostUser" finished-at="2024-06-29T12:43:54 NZST" duration-ms="4354" status="PASS">
          <reporter-output>
          </reporter-output>
        </test-method> <!-- TestPostUser -->
        <test-method signature="TestgetUser()[pri:2, instance:api.tests.UserTests@475e586c]" started-at="2024-06-29T12:43:54 NZST" name="TestgetUser" finished-at="2024-06-29T12:43:56 NZST" duration-ms="1430" status="PASS">
          <reporter-output>
          </reporter-output>
        </test-method> <!-- TestgetUser -->
        <test-method signature="TestupdateUser()[pri:3, instance:api.tests.UserTests@475e586c]" started-at="2024-06-29T12:43:56 NZST" name="TestupdateUser" finished-at="2024-06-29T12:43:59 NZST" duration-ms="3066" status="PASS">
          <reporter-output>
          </reporter-output>
        </test-method> <!-- TestupdateUser -->
        <test-method signature="TestdeleteeUser()[pri:4, instance:api.tests.UserTests@475e586c]" started-at="2024-06-29T12:43:59 NZST" name="TestdeleteeUser" finished-at="2024-06-29T12:44:00 NZST" duration-ms="1187" status="PASS">
          <reporter-output>
          </reporter-output>
        </test-method> <!-- TestdeleteeUser -->
      </class> <!-- api.tests.UserTests -->
      <class name="api.tests.DDTests">
        <test-method signature="testPostuser(java.lang.String,java.lang.String,java.lang.String,java.lang.String,java.lang.String,java.lang.String,java.lang.String)[pri:1, instance:api.tests.DDTests@2aa5fe93]" started-at="2024-06-29T12:44:01 NZST" name="testPostuser" data-provider="Data" finished-at="2024-06-29T12:44:03 NZST" duration-ms="1479" status="PASS">
          <params>
            <param index="0">
              <value>
                <![CDATA[1010]]>
              </value>
            </param>
            <param index="1">
              <value>
                <![CDATA[testuser1]]>
              </value>
            </param>
            <param index="2">
              <value>
                <![CDATA[Neha]]>
              </value>
            </param>
            <param index="3">
              <value>
                <![CDATA[Kumari]]>
              </value>
            </param>
            <param index="4">
              <value>
                <![CDATA[a@gmail.com]]>
              </value>
            </param>
            <param index="5">
              <value>
                <![CDATA[test@1]]>
              </value>
            </param>
            <param index="6">
              <value>
                <![CDATA[11122233]]>
              </value>
            </param>
          </params>
          <reporter-output>
          </reporter-output>
        </test-method> <!-- testPostuser -->
        <test-method signature="testPostuser(java.lang.String,java.lang.String,java.lang.String,java.lang.String,java.lang.String,java.lang.String,java.lang.String)[pri:1, instance:api.tests.DDTests@2aa5fe93]" started-at="2024-06-29T12:44:03 NZST" name="testPostuser" data-provider="Data" finished-at="2024-06-29T12:44:04 NZST" duration-ms="1431" status="PASS">
          <params>
            <param index="0">
              <value>
                <![CDATA[1020]]>
              </value>
            </param>
            <param index="1">
              <value>
                <![CDATA[testuser2]]>
              </value>
            </param>
            <param index="2">
              <value>
                <![CDATA[Shivam]]>
              </value>
            </param>
            <param index="3">
              <value>
                <![CDATA[Kumar]]>
              </value>
            </param>
            <param index="4">
              <value>
                <![CDATA[b@gmail.com]]>
              </value>
            </param>
            <param index="5">
              <value>
                <![CDATA[test@2]]>
              </value>
            </param>
            <param index="6">
              <value>
                <![CDATA[22233344]]>
              </value>
            </param>
          </params>
          <reporter-output>
          </reporter-output>
        </test-method> <!-- testPostuser -->
        <test-method signature="testPostuser(java.lang.String,java.lang.String,java.lang.String,java.lang.String,java.lang.String,java.lang.String,java.lang.String)[pri:1, instance:api.tests.DDTests@2aa5fe93]" started-at="2024-06-29T12:44:04 NZST" name="testPostuser" data-provider="Data" finished-at="2024-06-29T12:44:06 NZST" duration-ms="1329" status="PASS">
          <params>
            <param index="0">
              <value>
                <![CDATA[1030]]>
              </value>
            </param>
            <param index="1">
              <value>
                <![CDATA[testuser3]]>
              </value>
            </param>
            <param index="2">
              <value>
                <![CDATA[Shubham]]>
              </value>
            </param>
            <param index="3">
              <value>
                <![CDATA[Kumar]]>
              </value>
            </param>
            <param index="4">
              <value>
                <![CDATA[c@gmail.com]]>
              </value>
            </param>
            <param index="5">
              <value>
                <![CDATA[test@3]]>
              </value>
            </param>
            <param index="6">
              <value>
                <![CDATA[333444555]]>
              </value>
            </param>
          </params>
          <reporter-output>
          </reporter-output>
        </test-method> <!-- testPostuser -->
        <test-method signature="testDeletebyuserName(java.lang.String)[pri:2, instance:api.tests.DDTests@2aa5fe93]" started-at="2024-06-29T12:44:06 NZST" name="testDeletebyuserName" data-provider="UserNames" finished-at="2024-06-29T12:44:07 NZST" duration-ms="1380" status="PASS">
          <params>
            <param index="0">
              <value>
                <![CDATA[testuser1]]>
              </value>
            </param>
          </params>
          <reporter-output>
          </reporter-output>
        </test-method> <!-- testDeletebyuserName -->
        <test-method signature="testDeletebyuserName(java.lang.String)[pri:2, instance:api.tests.DDTests@2aa5fe93]" started-at="2024-06-29T12:44:07 NZST" name="testDeletebyuserName" data-provider="UserNames" finished-at="2024-06-29T12:44:08 NZST" duration-ms="1412" status="PASS">
          <params>
            <param index="0">
              <value>
                <![CDATA[testuser2]]>
              </value>
            </param>
          </params>
          <reporter-output>
          </reporter-output>
        </test-method> <!-- testDeletebyuserName -->
        <test-method signature="testDeletebyuserName(java.lang.String)[pri:2, instance:api.tests.DDTests@2aa5fe93]" started-at="2024-06-29T12:44:08 NZST" name="testDeletebyuserName" data-provider="UserNames" finished-at="2024-06-29T12:44:10 NZST" duration-ms="1331" status="PASS">
          <params>
            <param index="0">
              <value>
                <![CDATA[testuser3]]>
              </value>
            </param>
          </params>
          <reporter-output>
          </reporter-output>
        </test-method> <!-- testDeletebyuserName -->
      </class> <!-- api.tests.DDTests -->
    </test> <!-- Surefire test -->
  </suite> <!-- Surefire suite -->
</testng-results>
