<?xml version="1.0" encoding="UTF-8"?>
<testsuite xmlns:xsi="http://www.w3.org/2001/XMLSchema-instance" xsi:noNamespaceSchemaLocation="https://maven.apache.org/surefire/maven-surefire-plugin/xsd/surefire-test-report.xsd" version="3.0.1" name="TestSuite" time="21.702" tests="10" errors="0" skipped="0" failures="0">
  <properties>
[...]
</properties>
  <testcase name="TestPostUser" classname="api.tests.UserTests" time="4.355">
    <system-out><![CDATA[HTTP/1.1 200 OK
Date: Sat, 29 Jun 2024 00:43:54 GMT
Content-Type: application/json
Transfer-Encoding: chunked
Connection: keep-alive
Access-Control-Allow-Origin: *
Access-Control-Allow-Methods: GET, POST, DELETE, PUT
Access-Control-Allow-Headers: Content-Type, api_key, Authorization
Server: Jetty(9.2.9.v20150224)

{
    "code": 200,
    "type": "unknown",
    "message": "310623126"
}
]]></system-out>
    <system-err><![CDATA[SLF4J: Failed to load class "org.slf4j.impl.StaticLoggerBinder".
SLF4J: Defaulting to no-operation (NOP) logger implementation
SLF4J: See http://www.slf4j.org/codes.html#StaticLoggerBinder for further details.
]]></system-err>
  </testcase>
  <testcase name="TestgetUser" classname="api.tests.UserTests" time="1.432">
    <system-out><![CDATA[HTTP/1.1 200 OK
Date: Sat, 29 Jun 2024 00:43:56 GMT
Content-Type: application/json
Transfer-Encoding: chunked
Connection: keep-alive
Access-Control-Allow-Origin: *
Access-Control-Allow-Methods: GET, POST, DELETE, PUT
Access-Control-Allow-Headers: Content-Type, api_key, Authorization
Server: Jetty(9.2.9.v20150224)

{
    "id": 310623126,
    "username": "guillermina.oconner",
    "firstName": "Neil",
    "lastName": "Armstrong",
    "email": "alline.kovacek@hotmail.com",
    "password": "2wmmpmxmrfyy",
    "phone": "(404) 432-9283",
    "userStatus": 0
}
]]></system-out>
  </testcase>
  <testcase name="TestupdateUser" classname="api.tests.UserTests" time="3.066">
    <system-out><![CDATA[HTTP/1.1 200 OK
Date: Sat, 29 Jun 2024 00:43:57 GMT
Content-Type: application/json
Transfer-Encoding: chunked
Connection: keep-alive
Access-Control-Allow-Origin: *
Access-Control-Allow-Methods: GET, POST, DELETE, PUT
Access-Control-Allow-Headers: Content-Type, api_key, Authorization
Server: Jetty(9.2.9.v20150224)

{
    "code": 200,
    "type": "unknown",
    "message": "310623126"
}
]]></system-out>
  </testcase>
  <testcase name="TestdeleteeUser" classname="api.tests.UserTests" time="1.204">
    <system-out><![CDATA[{
    "code": 200,
    "type": "unknown",
    "message": "guillermina.oconner"
}
]]></system-out>
  </testcase>
  <testcase name="testPostuser[1010, testuser1, Neha, Kumari, a@gmail.com, test@1, 11122233](1)" classname="api.tests.DDTests" time="1.479"/>
  <testcase name="testPostuser[1020, testuser2, Shivam, Kumar, b@gmail.com, test@2, 22233344](2)" classname="api.tests.DDTests" time="1.433"/>
  <testcase name="testPostuser[1030, testuser3, Shubham, Kumar, c@gmail.com, test@3, 333444555](3)" classname="api.tests.DDTests" time="1.328"/>
  <testcase name="testDeletebyuserName[testuser1](1)" classname="api.tests.DDTests" time="1.381"/>
  <testcase name="testDeletebyuserName[testuser2](2)" classname="api.tests.DDTests" time="1.41"/>
  <testcase name="testDeletebyuserName[testuser3](3)" classname="api.tests.DDTests" time="1.331"/>
</testsuite>