<?xml version="1.0" encoding="UTF-8"?>
<testng-results ignored="0" total="4" passed="4" failed="0" skipped="0">
  <reporter-output>
  </reporter-output>
  <suite started-at="2024-06-29T11:47:29 NZST" name="PetSuite" finished-at="2024-06-29T11:47:40 NZST" duration-ms="10648">
    <groups>
    </groups>
    <test started-at="2024-06-29T11:47:29 NZST" name="PetTests" finished-at="2024-06-29T11:47:40 NZST" duration-ms="10648">
      <class name="api.tests.UserTests2">
        <test-method is-config="true" signature="beforetest()[pri:0, instance:api.tests.UserTests2@78e4deb0]" started-at="2024-06-29T11:47:29 NZST" name="beforetest" finished-at="2024-06-29T11:47:30 NZST" duration-ms="756" status="PASS">
          <reporter-output>
          </reporter-output>
        </test-method> <!-- beforetest -->
        <test-method signature="TestPostUser()[pri:1, instance:api.tests.UserTests2@78e4deb0]" started-at="2024-06-29T11:47:30 NZST" name="TestPostUser" finished-at="2024-06-29T11:47:34 NZST" duration-ms="3665" status="PASS">
          <reporter-output>
          </reporter-output>
        </test-method> <!-- TestPostUser -->
        <test-method signature="TestgetUser()[pri:2, instance:api.tests.UserTests2@78e4deb0]" started-at="2024-06-29T11:47:34 NZST" name="TestgetUser" finished-at="2024-06-29T11:47:35 NZST" duration-ms="1541" status="PASS">
          <reporter-output>
          </reporter-output>
        </test-method> <!-- TestgetUser -->
        <test-method signature="TestupdateUser()[pri:3, instance:api.tests.UserTests2@78e4deb0]" started-at="2024-06-29T11:47:35 NZST" name="TestupdateUser" finished-at="2024-06-29T11:47:38 NZST" duration-ms="2949" status="PASS">
          <reporter-output>
          </reporter-output>
        </test-method> <!-- TestupdateUser -->
        <test-method signature="TestdeleteeUser()[pri:4, instance:api.tests.UserTests2@78e4deb0]" started-at="2024-06-29T11:47:38 NZST" name="TestdeleteeUser" finished-at="2024-06-29T11:47:40 NZST" duration-ms="1352" status="PASS">
          <reporter-output>
          </reporter-output>
        </test-method> <!-- TestdeleteeUser -->
      </class> <!-- api.tests.UserTests2 -->
    </test> <!-- PetTests -->
  </suite> <!-- PetSuite -->
</testng-results>
