<?xml version="1.0" encoding="UTF-8"?>
<!-- Generated by org.testng.reporters.JUnitXMLReporter -->
<testsuite ignored="0" hostname="Gauravs-Air.hub" failures="0" tests="4" name="PetTests" time="10.648" errors="0" timestamp="2024-06-29T11:47:40 NZST">
  <testcase classname="api.tests.UserTests2" name="TestPostUser" time="3.665"/>
  <testcase classname="api.tests.UserTests2" name="TestgetUser" time="1.541"/>
  <testcase classname="api.tests.UserTests2" name="TestupdateUser" time="2.949"/>
  <testcase classname="api.tests.UserTests2" name="TestdeleteeUser" time="1.352"/>
</testsuite> <!-- PetTests -->
